0 info it worked if it ends with ok
1 verbose cli [ 'D:\\Program Files (x86)\\nodejs\\4.4.7\\node.exe',
1 verbose cli   'D:\\Program Files (x86)\\npm\\2.15.8\\node_modules\\npm\\bin\\npm-cli.js',
1 verbose cli   'install' ]
2 info using npm@2.15.8
3 info using node@v4.4.7
4 verbose readDependencies loading dependencies from D:\home\site\wwwroot\package.json
5 error install Couldn't read dependencies
6 verbose stack Error: ENOENT: no such file or directory, open 'D:\home\site\wwwroot\package.json'
6 verbose stack     at Error (native)
7 verbose cwd D:\home\site\wwwroot
8 error Windows_NT 6.2.9200
9 error argv "D:\\Program Files (x86)\\nodejs\\4.4.7\\node.exe" "D:\\Program Files (x86)\\npm\\2.15.8\\node_modules\\npm\\bin\\npm-cli.js" "install"
10 error node v4.4.7
11 error npm  v2.15.8
12 error path D:\home\site\wwwroot\package.json
13 error code ENOPACKAGEJSON
14 error errno -4058
15 error syscall open
16 error package.json ENOENT: no such file or directory, open 'D:\home\site\wwwroot\package.json'
16 error package.json This is most likely not a problem with npm itself.
16 error package.json npm can't find a package.json file in your current directory.
17 verbose exit [ -4058, true ]
